

Started GET "/assets/rails.png" for 127.0.0.1 at Mon Dec 10 18:43:58 -0500 2012
Connecting to database specified by database.yml
Served asset /rails.png - 304 Not Modified (4ms)


Started GET "/rails/info/properties" for 127.0.0.1 at Mon Dec 10 18:44:00 -0500 2012
Processing by Rails::InfoController#properties as */*
  Rendered inline template (1.1ms)
Completed 200 OK in 25ms (Views: 24.4ms | ActiveRecord: 0.0ms)


Started GET "/assets/rails.png" for 127.0.0.1 at Mon Dec 10 18:44:07 -0500 2012
Served asset /rails.png - 304 Not Modified (0ms)


Started GET "/assets/rails.png" for 127.0.0.1 at Mon Dec 10 18:46:22 -0500 2012
Connecting to database specified by database.yml
Served asset /rails.png - 304 Not Modified (1ms)
Connecting to database specified by database.yml
  [1m[36m (0.1ms)[0m  [1mselect sqlite_version(*)[0m
  [1m[35m (176.2ms)[0m  CREATE TABLE "schema_migrations" ("version" varchar(255) NOT NULL) 
  [1m[36m (147.5ms)[0m  [1mCREATE UNIQUE INDEX "unique_schema_migrations" ON "schema_migrations" ("version")[0m
  [1m[35m (0.2ms)[0m  SELECT "schema_migrations"."version" FROM "schema_migrations" 
Connecting to database specified by database.yml
  [1m[36m (0.1ms)[0m  [1mselect sqlite_version(*)[0m
  [1m[35m (0.2ms)[0m  SELECT "schema_migrations"."version" FROM "schema_migrations" 
Connecting to database specified by database.yml
  [1m[36m (0.1ms)[0m  [1mSELECT "schema_migrations"."version" FROM "schema_migrations" [0m
  [1m[35m (0.1ms)[0m  select sqlite_version(*)
  [1m[36m (184.9ms)[0m  [1mCREATE TABLE "schema_migrations" ("version" varchar(255) NOT NULL) [0m
  [1m[35m (164.0ms)[0m  CREATE UNIQUE INDEX "unique_schema_migrations" ON "schema_migrations" ("version")
  [1m[36m (0.1ms)[0m  [1mSELECT version FROM "schema_migrations"[0m
  [1m[35m (130.2ms)[0m  INSERT INTO "schema_migrations" (version) VALUES ('0')
Connecting to database specified by database.yml
  [1m[36m (0.1ms)[0m  [1mSELECT "schema_migrations"."version" FROM "schema_migrations" [0m
  [1m[35m (0.1ms)[0m  select sqlite_version(*)
  [1m[36m (181.2ms)[0m  [1mCREATE TABLE "schema_migrations" ("version" varchar(255) NOT NULL) [0m
  [1m[35m (131.0ms)[0m  CREATE UNIQUE INDEX "unique_schema_migrations" ON "schema_migrations" ("version")
  [1m[36m (0.1ms)[0m  [1mSELECT version FROM "schema_migrations"[0m
  [1m[35m (138.5ms)[0m  INSERT INTO "schema_migrations" (version) VALUES ('0')
Connecting to database specified by database.yml
  [1m[36m (0.1ms)[0m  [1mSELECT "schema_migrations"."version" FROM "schema_migrations" [0m
  [1m[35m (0.1ms)[0m  select sqlite_version(*)
  [1m[36m (152.2ms)[0m  [1mCREATE TABLE "schema_migrations" ("version" varchar(255) NOT NULL) [0m
  [1m[35m (141.0ms)[0m  CREATE UNIQUE INDEX "unique_schema_migrations" ON "schema_migrations" ("version")
  [1m[36m (0.1ms)[0m  [1mSELECT version FROM "schema_migrations"[0m
  [1m[35m (122.0ms)[0m  INSERT INTO "schema_migrations" (version) VALUES ('0')
Connecting to database specified by database.yml
  [1m[36m (0.1ms)[0m  [1mSELECT "schema_migrations"."version" FROM "schema_migrations" [0m
  [1m[35m (0.1ms)[0m  select sqlite_version(*)
  [1m[36m (154.0ms)[0m  [1mCREATE TABLE "schema_migrations" ("version" varchar(255) NOT NULL) [0m
  [1m[35m (131.2ms)[0m  CREATE UNIQUE INDEX "unique_schema_migrations" ON "schema_migrations" ("version")
  [1m[36m (0.1ms)[0m  [1mSELECT version FROM "schema_migrations"[0m
  [1m[35m (147.6ms)[0m  INSERT INTO "schema_migrations" (version) VALUES ('0')
Connecting to database specified by database.yml
  [1m[36m (0.1ms)[0m  [1mSELECT "schema_migrations"."version" FROM "schema_migrations" [0m
  [1m[35m (0.1ms)[0m  select sqlite_version(*)
  [1m[36m (224.4ms)[0m  [1mCREATE TABLE "schema_migrations" ("version" varchar(255) NOT NULL) [0m
  [1m[35m (149.2ms)[0m  CREATE UNIQUE INDEX "unique_schema_migrations" ON "schema_migrations" ("version")
  [1m[36m (0.1ms)[0m  [1mSELECT version FROM "schema_migrations"[0m
  [1m[35m (163.1ms)[0m  INSERT INTO "schema_migrations" (version) VALUES ('0')


Started GET "/assets/rails.png" for 127.0.0.1 at 2012-12-13 00:40:43 -0500
Served asset /rails.png - 304 Not Modified (56ms)


Started GET "/rails/info/properties" for 127.0.0.1 at 2012-12-13 00:40:48 -0500
Processing by Rails::InfoController#properties as */*
  Rendered inline template (9.6ms)
Completed 200 OK in 36ms (Views: 35.2ms)


Started GET "/rails/info/properties" for 127.0.0.1 at 2012-12-13 00:41:07 -0500
Processing by Rails::InfoController#properties as */*
  Rendered inline template (0.6ms)
Completed 200 OK in 2ms (Views: 1.4ms)
